<?xml version="1.0" encoding="UTF-8"?>
<robot generator="Robot 7.3 (Python 3.10.2 on win32)" generated="2025-06-02T19:58:44.161533" rpa="false" schemaversion="5">
<suite id="s1" name="Teste Login" source="C:\Users\compuni\Downloads\aulaLuiz\loginpage\tests\teste_login.robot">
<test id="s1-t1" name="Login Com Sucesso" line="14">
<kw name="Open Browser" owner="SeleniumLibrary">
<msg time="2025-06-02T19:58:44.364622" level="INFO">Opening browser 'chrome' to base url 'C:/Users/compuni/Downloads/aulaLuiz/loginpage/index.html'.</msg>
<arg>${LOGIN_PAGE}</arg>
<arg>${BROWSER}</arg>
<doc>Opens a new browser instance to the optional ``url``.</doc>
<status status="PASS" start="2025-06-02T19:58:44.364622" elapsed="1.386942"/>
</kw>
<kw name="Input Text" owner="SeleniumLibrary">
<msg time="2025-06-02T19:58:45.751564" level="INFO">Typing text 'admin' into text field 'id=username'.</msg>
<arg>id=username</arg>
<arg>${VALID_USER}</arg>
<doc>Types the given ``text`` into the text field identified by ``locator``.</doc>
<status status="PASS" start="2025-06-02T19:58:45.751564" elapsed="0.231550"/>
</kw>
<kw name="Input Text" owner="SeleniumLibrary">
<msg time="2025-06-02T19:58:45.984388" level="INFO">Typing text '123456' into text field 'id=password'.</msg>
<arg>id=password</arg>
<arg>${VALID_PASSWORD}</arg>
<doc>Types the given ``text`` into the text field identified by ``locator``.</doc>
<status status="PASS" start="2025-06-02T19:58:45.984388" elapsed="0.114067"/>
</kw>
<kw name="Click Button" owner="SeleniumLibrary">
<msg time="2025-06-02T19:58:46.098455" level="INFO">Clicking button 'xpath=//button'.</msg>
<arg>xpath=//button</arg>
<doc>Clicks the button identified by ``locator``.</doc>
<status status="PASS" start="2025-06-02T19:58:46.098455" elapsed="0.200629"/>
</kw>
<kw name="Sleep" owner="BuiltIn">
<msg time="2025-06-02T19:58:47.304679" level="INFO">Slept 1 second.</msg>
<arg>1s</arg>
<doc>Pauses the test executed for the given time.</doc>
<status status="PASS" start="2025-06-02T19:58:46.299084" elapsed="1.005595"/>
</kw>
<kw name="Location Should Contain" owner="SeleniumLibrary">
<msg time="2025-06-02T19:58:47.321081" level="INFO">Current location contains 'dashboard.html'.</msg>
<arg>dashboard.html</arg>
<doc>Verifies that the current URL contains ``expected``.</doc>
<status status="PASS" start="2025-06-02T19:58:47.304679" elapsed="0.016402"/>
</kw>
<kw name="Close Browser" owner="SeleniumLibrary">
<doc>Closes the current browser.</doc>
<status status="PASS" start="2025-06-02T19:58:47.321081" elapsed="2.183615"/>
</kw>
<status status="PASS" start="2025-06-02T19:58:44.364622" elapsed="5.142006"/>
</test>
<test id="s1-t2" name="Login Com Usuário Inválido" line="23">
<kw name="Open Browser" owner="SeleniumLibrary">
<msg time="2025-06-02T19:58:49.507175" level="INFO">Opening browser 'chrome' to base url 'C:/Users/compuni/Downloads/aulaLuiz/loginpage/index.html'.</msg>
<arg>${LOGIN_PAGE}</arg>
<arg>${BROWSER}</arg>
<doc>Opens a new browser instance to the optional ``url``.</doc>
<status status="PASS" start="2025-06-02T19:58:49.507175" elapsed="1.393573"/>
</kw>
<kw name="Input Text" owner="SeleniumLibrary">
<msg time="2025-06-02T19:58:50.900748" level="INFO">Typing text 'errado' into text field 'id=username'.</msg>
<arg>id=username</arg>
<arg>${INVALID_USER}</arg>
<doc>Types the given ``text`` into the text field identified by ``locator``.</doc>
<status status="PASS" start="2025-06-02T19:58:50.900748" elapsed="0.225041"/>
</kw>
<kw name="Input Text" owner="SeleniumLibrary">
<msg time="2025-06-02T19:58:51.125789" level="INFO">Typing text '123456' into text field 'id=password'.</msg>
<arg>id=password</arg>
<arg>${VALID_PASSWORD}</arg>
<doc>Types the given ``text`` into the text field identified by ``locator``.</doc>
<status status="PASS" start="2025-06-02T19:58:51.125789" elapsed="0.125363"/>
</kw>
<kw name="Click Button" owner="SeleniumLibrary">
<msg time="2025-06-02T19:58:51.251152" level="INFO">Clicking button 'xpath=//button'.</msg>
<arg>xpath=//button</arg>
<doc>Clicks the button identified by ``locator``.</doc>
<status status="PASS" start="2025-06-02T19:58:51.251152" elapsed="0.111176"/>
</kw>
<kw name="Sleep" owner="BuiltIn">
<msg time="2025-06-02T19:58:52.365460" level="INFO">Slept 1 second.</msg>
<arg>1s</arg>
<doc>Pauses the test executed for the given time.</doc>
<status status="PASS" start="2025-06-02T19:58:51.363345" elapsed="1.002115"/>
</kw>
<kw name="Element Text Should Be" owner="SeleniumLibrary">
<msg time="2025-06-02T19:58:52.365460" level="INFO">Verifying element 'id=error-message' contains exact text 'Usuário ou senha incorretos.'.</msg>
<arg>id=error-message</arg>
<arg>Usuário ou senha incorretos.</arg>
<doc>Verifies that element ``locator`` contains exact the text ``expected``.</doc>
<status status="PASS" start="2025-06-02T19:58:52.365460" elapsed="0.049429"/>
</kw>
<kw name="Close Browser" owner="SeleniumLibrary">
<doc>Closes the current browser.</doc>
<status status="PASS" start="2025-06-02T19:58:52.414889" elapsed="2.200044"/>
</kw>
<status status="PASS" start="2025-06-02T19:58:49.507175" elapsed="5.107758"/>
</test>
<test id="s1-t3" name="Login Com Senha Inválida" line="32">
<kw name="Open Browser" owner="SeleniumLibrary">
<msg time="2025-06-02T19:58:54.614933" level="INFO">Opening browser 'chrome' to base url 'C:/Users/compuni/Downloads/aulaLuiz/loginpage/index.html'.</msg>
<arg>${LOGIN_PAGE}</arg>
<arg>${BROWSER}</arg>
<doc>Opens a new browser instance to the optional ``url``.</doc>
<status status="PASS" start="2025-06-02T19:58:54.614933" elapsed="1.419600"/>
</kw>
<kw name="Input Text" owner="SeleniumLibrary">
<msg time="2025-06-02T19:58:56.034533" level="INFO">Typing text 'admin' into text field 'id=username'.</msg>
<arg>id=username</arg>
<arg>${VALID_USER}</arg>
<doc>Types the given ``text`` into the text field identified by ``locator``.</doc>
<status status="PASS" start="2025-06-02T19:58:56.034533" elapsed="0.248148"/>
</kw>
<kw name="Input Text" owner="SeleniumLibrary">
<msg time="2025-06-02T19:58:56.282681" level="INFO">Typing text '000000' into text field 'id=password'.</msg>
<arg>id=password</arg>
<arg>${INVALID_PASSWORD}</arg>
<doc>Types the given ``text`` into the text field identified by ``locator``.</doc>
<status status="PASS" start="2025-06-02T19:58:56.282681" elapsed="0.149239"/>
</kw>
<kw name="Click Button" owner="SeleniumLibrary">
<msg time="2025-06-02T19:58:56.431920" level="INFO">Clicking button 'xpath=//button'.</msg>
<arg>xpath=//button</arg>
<doc>Clicks the button identified by ``locator``.</doc>
<status status="PASS" start="2025-06-02T19:58:56.431920" elapsed="0.132339"/>
</kw>
<kw name="Sleep" owner="BuiltIn">
<msg time="2025-06-02T19:58:57.578511" level="INFO">Slept 1 second.</msg>
<arg>1s</arg>
<doc>Pauses the test executed for the given time.</doc>
<status status="PASS" start="2025-06-02T19:58:56.565497" elapsed="1.013014"/>
</kw>
<kw name="Element Text Should Be" owner="SeleniumLibrary">
<msg time="2025-06-02T19:58:57.578511" level="INFO">Verifying element 'id=error-message' contains exact text 'Usuário ou senha incorretos.'.</msg>
<arg>id=error-message</arg>
<arg>Usuário ou senha incorretos.</arg>
<doc>Verifies that element ``locator`` contains exact the text ``expected``.</doc>
<status status="PASS" start="2025-06-02T19:58:57.578511" elapsed="0.042047"/>
</kw>
<kw name="Close Browser" owner="SeleniumLibrary">
<doc>Closes the current browser.</doc>
<status status="PASS" start="2025-06-02T19:58:57.620558" elapsed="2.178092"/>
</kw>
<status status="PASS" start="2025-06-02T19:58:54.614933" elapsed="5.185407"/>
</test>
<status status="PASS" start="2025-06-02T19:58:44.161533" elapsed="15.639569"/>
</suite>
<statistics>
<total>
<stat pass="3" fail="0" skip="0">All Tests</stat>
</total>
<tag>
</tag>
<suite>
<stat name="Teste Login" id="s1" pass="3" fail="0" skip="0">Teste Login</stat>
</suite>
</statistics>
<errors>
</errors>
</robot>
